2019-12-05 15:24:46.346  INFO 14280 --- [restartedMain] br.com.demojs.Main                       : Starting Main on DESKTOP-QQUB5A4 with PID 14280 (C:\Projetos\demo_angularjs\target\classes started by Fernanda in C:\Projetos\demo_angularjs)
2019-12-05 15:24:46.347  INFO 14280 --- [restartedMain] br.com.demojs.Main                       : No active profile set, falling back to default profiles: default
2019-12-05 15:24:46.403  INFO 14280 --- [restartedMain] ConfigServletWebServerApplicationContext : Refreshing org.springframework.boot.web.servlet.context.AnnotationConfigServletWebServerApplicationContext@511ef3a2: startup date [Thu Dec 05 15:24:46 BRT 2019]; root of context hierarchy
2019-12-05 15:24:47.624  INFO 14280 --- [restartedMain] org.xnio                                 : XNIO version 3.3.8.Final
2019-12-05 15:24:47.642  INFO 14280 --- [restartedMain] org.xnio.nio                             : XNIO NIO Implementation Version 3.3.8.Final
2019-12-05 15:24:47.705  WARN 14280 --- [restartedMain] io.undertow.websockets.jsr               : UT026009: XNIO worker was not set on WebSocketDeploymentInfo, the default worker will be used
2019-12-05 15:24:47.705  WARN 14280 --- [restartedMain] io.undertow.websockets.jsr               : UT026010: Buffer pool was not set on WebSocketDeploymentInfo, the default pool will be used
2019-12-05 15:24:47.724  INFO 14280 --- [restartedMain] io.undertow.servlet                      : Initializing Spring embedded WebApplicationContext
2019-12-05 15:24:47.729  INFO 14280 --- [restartedMain] o.s.web.context.ContextLoader            : Root WebApplicationContext: initialization completed in 1326 ms
2019-12-05 15:24:47.817  INFO 14280 --- [restartedMain] o.s.b.w.servlet.ServletRegistrationBean  : Servlet dispatcherServlet mapped to [/]
2019-12-05 15:24:47.821  INFO 14280 --- [restartedMain] o.s.b.w.servlet.FilterRegistrationBean   : Mapping filter: 'characterEncodingFilter' to: [/*]
2019-12-05 15:24:47.822  INFO 14280 --- [restartedMain] o.s.b.w.servlet.FilterRegistrationBean   : Mapping filter: 'hiddenHttpMethodFilter' to: [/*]
2019-12-05 15:24:47.827  INFO 14280 --- [restartedMain] o.s.b.w.servlet.FilterRegistrationBean   : Mapping filter: 'httpPutFormContentFilter' to: [/*]
2019-12-05 15:24:47.827  INFO 14280 --- [restartedMain] o.s.b.w.servlet.FilterRegistrationBean   : Mapping filter: 'requestContextFilter' to: [/*]
2019-12-05 15:24:47.954  INFO 14280 --- [restartedMain] o.s.w.s.handler.SimpleUrlHandlerMapping  : Mapped URL path [/**/favicon.ico] onto handler of type [class org.springframework.web.servlet.resource.ResourceHttpRequestHandler]
2019-12-05 15:24:48.161  INFO 14280 --- [restartedMain] s.w.s.m.m.a.RequestMappingHandlerAdapter : Looking for @ControllerAdvice: org.springframework.boot.web.servlet.context.AnnotationConfigServletWebServerApplicationContext@511ef3a2: startup date [Thu Dec 05 15:24:46 BRT 2019]; root of context hierarchy
2019-12-05 15:24:48.249  INFO 14280 --- [restartedMain] s.w.s.m.m.a.RequestMappingHandlerMapping : Mapped "{[/error]}" onto public org.springframework.http.ResponseEntity<java.util.Map<java.lang.String, java.lang.Object>> org.springframework.boot.autoconfigure.web.servlet.error.BasicErrorController.error(javax.servlet.http.HttpServletRequest)
2019-12-05 15:24:48.251  INFO 14280 --- [restartedMain] s.w.s.m.m.a.RequestMappingHandlerMapping : Mapped "{[/error],produces=[text/html]}" onto public org.springframework.web.servlet.ModelAndView org.springframework.boot.autoconfigure.web.servlet.error.BasicErrorController.errorHtml(javax.servlet.http.HttpServletRequest,javax.servlet.http.HttpServletResponse)
2019-12-05 15:24:48.279  INFO 14280 --- [restartedMain] o.s.w.s.handler.SimpleUrlHandlerMapping  : Mapped URL path [/webjars/**] onto handler of type [class org.springframework.web.servlet.resource.ResourceHttpRequestHandler]
2019-12-05 15:24:48.279  INFO 14280 --- [restartedMain] o.s.w.s.handler.SimpleUrlHandlerMapping  : Mapped URL path [/**] onto handler of type [class org.springframework.web.servlet.resource.ResourceHttpRequestHandler]
2019-12-05 15:24:48.325  INFO 14280 --- [restartedMain] o.s.b.a.w.s.WelcomePageHandlerMapping    : Adding welcome page: class path resource [static/index.html]
2019-12-05 15:24:48.444  INFO 14280 --- [restartedMain] o.s.b.d.a.OptionalLiveReloadServer       : LiveReload server is running on port 35729
2019-12-05 15:24:48.472  INFO 14280 --- [restartedMain] o.s.j.e.a.AnnotationMBeanExporter        : Registering beans for JMX exposure on startup
2019-12-05 15:24:48.534  INFO 14280 --- [restartedMain] o.s.b.w.e.u.UndertowServletWebServer     : Undertow started on port(s) 8080 (http) with context path ''
2019-12-05 15:24:48.547  INFO 14280 --- [restartedMain] br.com.demojs.Main                       : Started Main in 2.547 seconds (JVM running for 2.948)
2019-12-05 15:24:54.646  INFO 14280 --- [XNIO-2 task-1] io.undertow.servlet                      : Initializing Spring FrameworkServlet 'dispatcherServlet'
2019-12-05 15:24:54.652  INFO 14280 --- [XNIO-2 task-1] o.s.web.servlet.DispatcherServlet        : FrameworkServlet 'dispatcherServlet': initialization started
2019-12-05 15:24:54.668  INFO 14280 --- [XNIO-2 task-1] o.s.web.servlet.DispatcherServlet        : FrameworkServlet 'dispatcherServlet': initialization completed in 16 ms
2019-12-05 15:33:49.765  INFO 6112 --- [restartedMain] br.com.demojs.Main                       : Starting Main on DESKTOP-QQUB5A4 with PID 6112 (C:\Projetos\demo_angularjs\target\classes started by Fernanda in C:\Projetos\demo_angularjs)
2019-12-05 15:33:49.767  INFO 6112 --- [restartedMain] br.com.demojs.Main                       : No active profile set, falling back to default profiles: default
2019-12-05 15:33:49.816  INFO 6112 --- [restartedMain] ConfigServletWebServerApplicationContext : Refreshing org.springframework.boot.web.servlet.context.AnnotationConfigServletWebServerApplicationContext@354343c1: startup date [Thu Dec 05 15:33:49 BRT 2019]; root of context hierarchy
2019-12-05 15:33:51.035  INFO 6112 --- [restartedMain] org.xnio                                 : XNIO version 3.3.8.Final
2019-12-05 15:33:51.053  INFO 6112 --- [restartedMain] org.xnio.nio                             : XNIO NIO Implementation Version 3.3.8.Final
2019-12-05 15:33:51.118  WARN 6112 --- [restartedMain] io.undertow.websockets.jsr               : UT026009: XNIO worker was not set on WebSocketDeploymentInfo, the default worker will be used
2019-12-05 15:33:51.118  WARN 6112 --- [restartedMain] io.undertow.websockets.jsr               : UT026010: Buffer pool was not set on WebSocketDeploymentInfo, the default pool will be used
2019-12-05 15:33:51.138  INFO 6112 --- [restartedMain] io.undertow.servlet                      : Initializing Spring embedded WebApplicationContext
2019-12-05 15:33:51.143  INFO 6112 --- [restartedMain] o.s.web.context.ContextLoader            : Root WebApplicationContext: initialization completed in 1327 ms
2019-12-05 15:33:51.235  INFO 6112 --- [restartedMain] o.s.b.w.servlet.ServletRegistrationBean  : Servlet dispatcherServlet mapped to [/]
2019-12-05 15:33:51.240  INFO 6112 --- [restartedMain] o.s.b.w.servlet.FilterRegistrationBean   : Mapping filter: 'characterEncodingFilter' to: [/*]
2019-12-05 15:33:51.241  INFO 6112 --- [restartedMain] o.s.b.w.servlet.FilterRegistrationBean   : Mapping filter: 'hiddenHttpMethodFilter' to: [/*]
2019-12-05 15:33:51.247  INFO 6112 --- [restartedMain] o.s.b.w.servlet.FilterRegistrationBean   : Mapping filter: 'httpPutFormContentFilter' to: [/*]
2019-12-05 15:33:51.247  INFO 6112 --- [restartedMain] o.s.b.w.servlet.FilterRegistrationBean   : Mapping filter: 'requestContextFilter' to: [/*]
2019-12-05 15:33:51.369  INFO 6112 --- [restartedMain] o.s.w.s.handler.SimpleUrlHandlerMapping  : Mapped URL path [/**/favicon.ico] onto handler of type [class org.springframework.web.servlet.resource.ResourceHttpRequestHandler]
2019-12-05 15:33:51.554  INFO 6112 --- [restartedMain] s.w.s.m.m.a.RequestMappingHandlerAdapter : Looking for @ControllerAdvice: org.springframework.boot.web.servlet.context.AnnotationConfigServletWebServerApplicationContext@354343c1: startup date [Thu Dec 05 15:33:49 BRT 2019]; root of context hierarchy
2019-12-05 15:33:51.624  INFO 6112 --- [restartedMain] s.w.s.m.m.a.RequestMappingHandlerMapping : Mapped "{[/error]}" onto public org.springframework.http.ResponseEntity<java.util.Map<java.lang.String, java.lang.Object>> org.springframework.boot.autoconfigure.web.servlet.error.BasicErrorController.error(javax.servlet.http.HttpServletRequest)
2019-12-05 15:33:51.625  INFO 6112 --- [restartedMain] s.w.s.m.m.a.RequestMappingHandlerMapping : Mapped "{[/error],produces=[text/html]}" onto public org.springframework.web.servlet.ModelAndView org.springframework.boot.autoconfigure.web.servlet.error.BasicErrorController.errorHtml(javax.servlet.http.HttpServletRequest,javax.servlet.http.HttpServletResponse)
2019-12-05 15:33:51.649  INFO 6112 --- [restartedMain] o.s.w.s.handler.SimpleUrlHandlerMapping  : Mapped URL path [/webjars/**] onto handler of type [class org.springframework.web.servlet.resource.ResourceHttpRequestHandler]
2019-12-05 15:33:51.649  INFO 6112 --- [restartedMain] o.s.w.s.handler.SimpleUrlHandlerMapping  : Mapped URL path [/**] onto handler of type [class org.springframework.web.servlet.resource.ResourceHttpRequestHandler]
2019-12-05 15:33:51.706  INFO 6112 --- [restartedMain] o.s.b.a.w.s.WelcomePageHandlerMapping    : Adding welcome page: class path resource [static/index.html]
2019-12-05 15:33:51.839  INFO 6112 --- [restartedMain] o.s.b.d.a.OptionalLiveReloadServer       : LiveReload server is running on port 35729
2019-12-05 15:33:51.872  INFO 6112 --- [restartedMain] o.s.j.e.a.AnnotationMBeanExporter        : Registering beans for JMX exposure on startup
2019-12-05 15:33:51.931  INFO 6112 --- [restartedMain] o.s.b.w.e.u.UndertowServletWebServer     : Undertow started on port(s) 8080 (http) with context path ''
2019-12-05 15:33:51.944  INFO 6112 --- [restartedMain] br.com.demojs.Main                       : Started Main in 2.493 seconds (JVM running for 2.895)
2019-12-05 15:33:57.148  INFO 6112 --- [XNIO-2 task-1] io.undertow.servlet                      : Initializing Spring FrameworkServlet 'dispatcherServlet'
2019-12-05 15:33:57.153  INFO 6112 --- [XNIO-2 task-1] o.s.web.servlet.DispatcherServlet        : FrameworkServlet 'dispatcherServlet': initialization started
2019-12-05 15:33:57.166  INFO 6112 --- [XNIO-2 task-1] o.s.web.servlet.DispatcherServlet        : FrameworkServlet 'dispatcherServlet': initialization completed in 13 ms
2019-12-05 15:38:40.498  INFO 6112 --- [Thread-6] ConfigServletWebServerApplicationContext : Closing org.springframework.boot.web.servlet.context.AnnotationConfigServletWebServerApplicationContext@354343c1: startup date [Thu Dec 05 15:33:49 BRT 2019]; root of context hierarchy
2019-12-05 15:38:40.500  INFO 6112 --- [Thread-6] o.s.j.e.a.AnnotationMBeanExporter        : Unregistering JMX-exposed beans on shutdown
2019-12-05 15:38:40.508  INFO 6112 --- [Thread-6] io.undertow.servlet                      : Destroying Spring FrameworkServlet 'dispatcherServlet'
2019-12-05 15:38:40.641  INFO 6112 --- [restartedMain] br.com.demojs.Main                       : Starting Main on DESKTOP-QQUB5A4 with PID 6112 (C:\Projetos\demo_angularjs\target\classes started by Fernanda in C:\Projetos\demo_angularjs)
2019-12-05 15:38:40.641  INFO 6112 --- [restartedMain] br.com.demojs.Main                       : No active profile set, falling back to default profiles: default
2019-12-05 15:38:40.645  INFO 6112 --- [restartedMain] ConfigServletWebServerApplicationContext : Refreshing org.springframework.boot.web.servlet.context.AnnotationConfigServletWebServerApplicationContext@6bbd6410: startup date [Thu Dec 05 15:38:40 BRT 2019]; root of context hierarchy
2019-12-05 15:38:40.984  WARN 6112 --- [restartedMain] io.undertow.websockets.jsr               : UT026009: XNIO worker was not set on WebSocketDeploymentInfo, the default worker will be used
2019-12-05 15:38:40.984  WARN 6112 --- [restartedMain] io.undertow.websockets.jsr               : UT026010: Buffer pool was not set on WebSocketDeploymentInfo, the default pool will be used
2019-12-05 15:38:40.985  INFO 6112 --- [restartedMain] io.undertow.servlet                      : Initializing Spring embedded WebApplicationContext
2019-12-05 15:38:40.986  INFO 6112 --- [restartedMain] o.s.web.context.ContextLoader            : Root WebApplicationContext: initialization completed in 341 ms
2019-12-05 15:38:41.002  INFO 6112 --- [restartedMain] o.s.b.w.servlet.ServletRegistrationBean  : Servlet dispatcherServlet mapped to [/]
2019-12-05 15:38:41.002  INFO 6112 --- [restartedMain] o.s.b.w.servlet.FilterRegistrationBean   : Mapping filter: 'characterEncodingFilter' to: [/*]
2019-12-05 15:38:41.002  INFO 6112 --- [restartedMain] o.s.b.w.servlet.FilterRegistrationBean   : Mapping filter: 'hiddenHttpMethodFilter' to: [/*]
2019-12-05 15:38:41.002  INFO 6112 --- [restartedMain] o.s.b.w.servlet.FilterRegistrationBean   : Mapping filter: 'httpPutFormContentFilter' to: [/*]
2019-12-05 15:38:41.002  INFO 6112 --- [restartedMain] o.s.b.w.servlet.FilterRegistrationBean   : Mapping filter: 'requestContextFilter' to: [/*]
2019-12-05 15:38:41.022  INFO 6112 --- [restartedMain] o.s.w.s.handler.SimpleUrlHandlerMapping  : Mapped URL path [/**/favicon.ico] onto handler of type [class org.springframework.web.servlet.resource.ResourceHttpRequestHandler]
2019-12-05 15:38:41.059  INFO 6112 --- [restartedMain] s.w.s.m.m.a.RequestMappingHandlerAdapter : Looking for @ControllerAdvice: org.springframework.boot.web.servlet.context.AnnotationConfigServletWebServerApplicationContext@6bbd6410: startup date [Thu Dec 05 15:38:40 BRT 2019]; root of context hierarchy
2019-12-05 15:38:41.065  INFO 6112 --- [restartedMain] s.w.s.m.m.a.RequestMappingHandlerMapping : Mapped "{[/error]}" onto public org.springframework.http.ResponseEntity<java.util.Map<java.lang.String, java.lang.Object>> org.springframework.boot.autoconfigure.web.servlet.error.BasicErrorController.error(javax.servlet.http.HttpServletRequest)
2019-12-05 15:38:41.066  INFO 6112 --- [restartedMain] s.w.s.m.m.a.RequestMappingHandlerMapping : Mapped "{[/error],produces=[text/html]}" onto public org.springframework.web.servlet.ModelAndView org.springframework.boot.autoconfigure.web.servlet.error.BasicErrorController.errorHtml(javax.servlet.http.HttpServletRequest,javax.servlet.http.HttpServletResponse)
2019-12-05 15:38:41.079  INFO 6112 --- [restartedMain] o.s.w.s.handler.SimpleUrlHandlerMapping  : Mapped URL path [/webjars/**] onto handler of type [class org.springframework.web.servlet.resource.ResourceHttpRequestHandler]
2019-12-05 15:38:41.080  INFO 6112 --- [restartedMain] o.s.w.s.handler.SimpleUrlHandlerMapping  : Mapped URL path [/**] onto handler of type [class org.springframework.web.servlet.resource.ResourceHttpRequestHandler]
2019-12-05 15:38:41.092  INFO 6112 --- [restartedMain] o.s.b.a.w.s.WelcomePageHandlerMapping    : Adding welcome page: class path resource [static/index.html]
2019-12-05 15:38:41.120  INFO 6112 --- [restartedMain] o.s.b.d.a.OptionalLiveReloadServer       : LiveReload server is running on port 35729
2019-12-05 15:38:41.136  INFO 6112 --- [restartedMain] o.s.j.e.a.AnnotationMBeanExporter        : Registering beans for JMX exposure on startup
2019-12-05 15:38:41.156  INFO 6112 --- [restartedMain] o.s.b.w.e.u.UndertowServletWebServer     : Undertow started on port(s) 8080 (http) with context path ''
2019-12-05 15:38:41.157  INFO 6112 --- [restartedMain] br.com.demojs.Main                       : Started Main in 0.557 seconds (JVM running for 292.109)
2019-12-05 15:38:41.160  INFO 6112 --- [restartedMain] .ConditionEvaluationDeltaLoggingListener : Condition evaluation unchanged
2019-12-05 15:38:42.590  INFO 9236 --- [main] br.com.demojs.DemoJsApplicationTests     : Starting DemoJsApplicationTests on DESKTOP-QQUB5A4 with PID 9236 (started by Fernanda in C:\Projetos\demo_angularjs)
2019-12-05 15:38:42.592  INFO 9236 --- [main] br.com.demojs.DemoJsApplicationTests     : No active profile set, falling back to default profiles: default
2019-12-05 15:38:42.644  INFO 9236 --- [main] o.s.w.c.s.GenericWebApplicationContext   : Refreshing org.springframework.web.context.support.GenericWebApplicationContext@5b247367: startup date [Thu Dec 05 15:38:42 BRT 2019]; root of context hierarchy
2019-12-05 15:38:43.675  INFO 9236 --- [main] o.s.w.s.handler.SimpleUrlHandlerMapping  : Mapped URL path [/**/favicon.ico] onto handler of type [class org.springframework.web.servlet.resource.ResourceHttpRequestHandler]
2019-12-05 15:38:43.912  INFO 9236 --- [main] s.w.s.m.m.a.RequestMappingHandlerAdapter : Looking for @ControllerAdvice: org.springframework.web.context.support.GenericWebApplicationContext@5b247367: startup date [Thu Dec 05 15:38:42 BRT 2019]; root of context hierarchy
2019-12-05 15:38:43.983  INFO 9236 --- [main] s.w.s.m.m.a.RequestMappingHandlerMapping : Mapped "{[/error]}" onto public org.springframework.http.ResponseEntity<java.util.Map<java.lang.String, java.lang.Object>> org.springframework.boot.autoconfigure.web.servlet.error.BasicErrorController.error(javax.servlet.http.HttpServletRequest)
2019-12-05 15:38:43.985  INFO 9236 --- [main] s.w.s.m.m.a.RequestMappingHandlerMapping : Mapped "{[/error],produces=[text/html]}" onto public org.springframework.web.servlet.ModelAndView org.springframework.boot.autoconfigure.web.servlet.error.BasicErrorController.errorHtml(javax.servlet.http.HttpServletRequest,javax.servlet.http.HttpServletResponse)
2019-12-05 15:38:44.018  INFO 9236 --- [main] o.s.w.s.handler.SimpleUrlHandlerMapping  : Mapped URL path [/webjars/**] onto handler of type [class org.springframework.web.servlet.resource.ResourceHttpRequestHandler]
2019-12-05 15:38:44.019  INFO 9236 --- [main] o.s.w.s.handler.SimpleUrlHandlerMapping  : Mapped URL path [/**] onto handler of type [class org.springframework.web.servlet.resource.ResourceHttpRequestHandler]
2019-12-05 15:38:44.062  INFO 9236 --- [main] o.s.b.a.w.s.WelcomePageHandlerMapping    : Adding welcome page: class path resource [static/index.html]
2019-12-05 15:38:44.348  INFO 9236 --- [main] br.com.demojs.DemoJsApplicationTests     : Started DemoJsApplicationTests in 2.1 seconds (JVM running for 3.201)
2019-12-05 15:38:44.480  INFO 9236 --- [Thread-3] o.s.w.c.s.GenericWebApplicationContext   : Closing org.springframework.web.context.support.GenericWebApplicationContext@5b247367: startup date [Thu Dec 05 15:38:42 BRT 2019]; root of context hierarchy
